<?xml version="1.0" encoding="UTF-8"?>
<!-- Generated by org.testng.reporters.JUnitXMLReporter -->
<testsuite hostname="Raghavendra-Gupta.local" ignored="0" name="Different testng Feature Test" tests="26" failures="1" timestamp="20 Aug 2018 12:08:03 GMT" time="48.838" errors="0">
  <testcase name="sum" time="0.004" classname="com.test.InvocationCountTest"/>
  <testcase name="googleLogoTest" time="0.005" classname="com.test.TestNGBasics"/>
  <testcase name="loginTest" time="0.006" classname="com.test.TestNgFeatures"/>
  <testcase name="test1" time="0.007" classname="com.test.ExceptionTimeOutTest"/>
  <testcase name="googleTitleTest" time="0.0" classname="com.test.TestNGBasics"/>
  <testcase name="sum" time="0.003" classname="com.test.InvocationCountTest"/>
  <testcase name="HomePageTest" time="0.004" classname="com.test.TestNgFeatures"/>
  <testcase name="searchTest" time="0.002" classname="com.test.TestNGBasics"/>
  <testcase name="sum" time="0.002" classname="com.test.InvocationCountTest"/>
  <testcase name="sum" time="0.002" classname="com.test.InvocationCountTest"/>
  <testcase name="RegPageTest" time="0.002" classname="com.test.TestNgFeatures"/>
  <testcase name="sum" time="0.001" classname="com.test.InvocationCountTest"/>
  <testcase name="SearchPageTest" time="0.001" classname="com.test.TestNgFeatures"/>
  <testcase name="sum" time="0.001" classname="com.test.InvocationCountTest"/>
  <testcase name="sum" time="0.001" classname="com.test.InvocationCountTest"/>
  <testcase name="sum" time="0.001" classname="com.test.InvocationCountTest"/>
  <testcase name="sum" time="0.0" classname="com.test.InvocationCountTest"/>
  <testcase name="sum" time="0.0" classname="com.test.InvocationCountTest"/>
  <testcase name="googleLogoTest" time="0.035" classname="com.test.GoogleTitleTest"/>
  <testcase name="googleTitleTest" time="0.006" classname="com.test.GoogleTitleTest">
    <failure type="java.lang.AssertionError" message="title is not matched expected [Google123] but found [Google]">
      <![CDATA[java.lang.AssertionError: title is not matched expected [Google123] but found [Google]
at com.test.GoogleTitleTest.googleTitleTest(GoogleTitleTest.java:32)
at java.util.concurrent.ThreadPoolExecutor.runWorker(ThreadPoolExecutor.java:1142)
at java.util.concurrent.ThreadPoolExecutor$Worker.run(ThreadPoolExecutor.java:617)
at java.lang.Thread.run(Thread.java:745)
... Removed 15 stack frames]]>
    </failure>
  </testcase> <!-- googleTitleTest -->
  <testcase name="googleTitleTest" time="0.004" classname="com.test.GoogleTest"/>
  <testcase name="mailLinkTest" time="0.029" classname="com.test.GoogleTest"/>
  <testcase name="googleLogoTest" time="0.026" classname="com.test.GoogleTest"/>
  <testcase name="test2" time="0.001" classname="com.test.GoogleTest"/>
  <testcase name="test3" time="0.0" classname="com.test.GoogleTest"/>
  <testcase name="test4" time="0.001" classname="com.test.GoogleTest"/>
</testsuite> <!-- Different testng Feature Test -->
