<?xml version="1.0" encoding="UTF-8"?>
<testng-results skipped="0" failed="1" ignored="0" total="27" passed="26">
  <reporter-output>
  </reporter-output>
  <suite name="TestNG Session Test Automation Suite" duration-ms="57641" started-at="2018-08-20T12:07:14Z" finished-at="2018-08-20T12:08:11Z">
    <groups>
      <group name="Test">
        <method signature="GoogleTest.test2()[pri:4, instance:com.test.GoogleTest@a74868d]" name="test2" class="com.test.GoogleTest"/>
        <method signature="GoogleTest.test3()[pri:5, instance:com.test.GoogleTest@a74868d]" name="test3" class="com.test.GoogleTest"/>
        <method signature="GoogleTest.test4()[pri:6, instance:com.test.GoogleTest@a74868d]" name="test4" class="com.test.GoogleTest"/>
      </group> <!-- Test -->
      <group name="Title">
        <method signature="GoogleTest.googleTitleTest()[pri:1, instance:com.test.GoogleTest@a74868d]" name="googleTitleTest" class="com.test.GoogleTest"/>
      </group> <!-- Title -->
      <group name="Link">
        <method signature="GoogleTest.mailLinkTest()[pri:2, instance:com.test.GoogleTest@a74868d]" name="mailLinkTest" class="com.test.GoogleTest"/>
      </group> <!-- Link -->
      <group name="Logo">
        <method signature="GoogleTest.googleLogoTest()[pri:3, instance:com.test.GoogleTest@a74868d]" name="googleLogoTest" class="com.test.GoogleTest"/>
      </group> <!-- Logo -->
    </groups>
    <test name="Different testng Feature Test" duration-ms="48838" started-at="2018-08-20T12:07:14Z" finished-at="2018-08-20T12:08:02Z">
      <class name="com.test.TestNGBasics">
        <test-method status="PASS" signature="launchBrowser()[pri:0, instance:com.test.TestNGBasics@2de8284b]" name="launchBrowser" is-config="true" duration-ms="0" started-at="2018-08-20T12:07:14Z" finished-at="2018-08-20T12:07:14Z">
          <reporter-output>
          </reporter-output>
        </test-method> <!-- launchBrowser -->
        <test-method status="PASS" signature="login()[pri:0, instance:com.test.TestNGBasics@2de8284b]" name="login" is-config="true" duration-ms="0" started-at="2018-08-20T12:07:14Z" finished-at="2018-08-20T12:07:14Z">
          <reporter-output>
          </reporter-output>
        </test-method> <!-- login -->
        <test-method status="PASS" signature="enterURL()[pri:0, instance:com.test.TestNGBasics@2de8284b]" name="enterURL" is-config="true" duration-ms="0" started-at="2018-08-20T12:07:14Z" finished-at="2018-08-20T12:07:14Z">
          <reporter-output>
          </reporter-output>
        </test-method> <!-- enterURL -->
        <test-method status="PASS" signature="googleLogoTest()[pri:0, instance:com.test.TestNGBasics@2de8284b]" name="googleLogoTest" duration-ms="5" started-at="2018-08-20T12:07:14Z" finished-at="2018-08-20T12:07:14Z">
          <reporter-output>
          </reporter-output>
        </test-method> <!-- googleLogoTest -->
        <test-method status="PASS" signature="logOut()[pri:0, instance:com.test.TestNGBasics@2de8284b]" name="logOut" is-config="true" duration-ms="0" started-at="2018-08-20T12:07:14Z" finished-at="2018-08-20T12:07:14Z">
          <reporter-output>
          </reporter-output>
        </test-method> <!-- logOut -->
        <test-method status="PASS" signature="enterURL()[pri:0, instance:com.test.TestNGBasics@2de8284b]" name="enterURL" is-config="true" duration-ms="0" started-at="2018-08-20T12:07:14Z" finished-at="2018-08-20T12:07:14Z">
          <reporter-output>
          </reporter-output>
        </test-method> <!-- enterURL -->
        <test-method status="PASS" signature="googleTitleTest()[pri:0, instance:com.test.TestNGBasics@2de8284b]" name="googleTitleTest" duration-ms="0" started-at="2018-08-20T12:07:14Z" finished-at="2018-08-20T12:07:14Z">
          <reporter-output>
          </reporter-output>
        </test-method> <!-- googleTitleTest -->
        <test-method status="PASS" signature="enterURL()[pri:0, instance:com.test.TestNGBasics@2de8284b]" name="enterURL" is-config="true" duration-ms="1" started-at="2018-08-20T12:07:14Z" finished-at="2018-08-20T12:07:14Z">
          <reporter-output>
          </reporter-output>
        </test-method> <!-- enterURL -->
        <test-method status="PASS" signature="logOut()[pri:0, instance:com.test.TestNGBasics@2de8284b]" name="logOut" is-config="true" duration-ms="0" started-at="2018-08-20T12:07:14Z" finished-at="2018-08-20T12:07:14Z">
          <reporter-output>
          </reporter-output>
        </test-method> <!-- logOut -->
        <test-method status="PASS" signature="searchTest()[pri:0, instance:com.test.TestNGBasics@2de8284b]" name="searchTest" duration-ms="2" started-at="2018-08-20T12:07:14Z" finished-at="2018-08-20T12:07:14Z">
          <reporter-output>
          </reporter-output>
        </test-method> <!-- searchTest -->
        <test-method status="PASS" signature="closeBrowser()[pri:0, instance:com.test.TestNGBasics@2de8284b]" name="closeBrowser" is-config="true" duration-ms="1" started-at="2018-08-20T12:07:14Z" finished-at="2018-08-20T12:07:14Z">
          <reporter-output>
          </reporter-output>
        </test-method> <!-- closeBrowser -->
        <test-method status="PASS" signature="logOut()[pri:0, instance:com.test.TestNGBasics@2de8284b]" name="logOut" is-config="true" duration-ms="0" started-at="2018-08-20T12:07:14Z" finished-at="2018-08-20T12:07:14Z">
          <reporter-output>
          </reporter-output>
        </test-method> <!-- logOut -->
        <test-method status="PASS" signature="deleteAllCookies()[pri:0, instance:com.test.TestNGBasics@2de8284b]" name="deleteAllCookies" is-config="true" duration-ms="0" started-at="2018-08-20T12:08:02Z" finished-at="2018-08-20T12:08:02Z">
          <reporter-output>
          </reporter-output>
        </test-method> <!-- deleteAllCookies -->
      </class> <!-- com.test.TestNGBasics -->
      <class name="com.test.GoogleTest">
        <test-method status="PASS" signature="setUp()[pri:0, instance:com.test.GoogleTest@a74868d]" name="setUp" is-config="true" duration-ms="6133" started-at="2018-08-20T12:07:26Z" finished-at="2018-08-20T12:07:32Z">
          <reporter-output>
          </reporter-output>
        </test-method> <!-- setUp -->
        <test-method status="PASS" signature="googleTitleTest()[pri:1, instance:com.test.GoogleTest@a74868d]" name="googleTitleTest" duration-ms="4" started-at="2018-08-20T12:07:32Z" finished-at="2018-08-20T12:07:32Z">
          <reporter-output>
          </reporter-output>
        </test-method> <!-- googleTitleTest -->
        <test-method status="PASS" signature="tearDown()[pri:0, instance:com.test.GoogleTest@a74868d]" name="tearDown" is-config="true" duration-ms="85" started-at="2018-08-20T12:07:32Z" finished-at="2018-08-20T12:07:32Z">
          <reporter-output>
          </reporter-output>
        </test-method> <!-- tearDown -->
        <test-method status="PASS" signature="setUp()[pri:0, instance:com.test.GoogleTest@a74868d]" name="setUp" is-config="true" duration-ms="5859" started-at="2018-08-20T12:07:32Z" finished-at="2018-08-20T12:07:38Z">
          <reporter-output>
          </reporter-output>
        </test-method> <!-- setUp -->
        <test-method status="PASS" signature="mailLinkTest()[pri:2, instance:com.test.GoogleTest@a74868d]" name="mailLinkTest" duration-ms="29" started-at="2018-08-20T12:07:38Z" finished-at="2018-08-20T12:07:38Z">
          <reporter-output>
          </reporter-output>
        </test-method> <!-- mailLinkTest -->
        <test-method status="PASS" signature="tearDown()[pri:0, instance:com.test.GoogleTest@a74868d]" name="tearDown" is-config="true" duration-ms="86" started-at="2018-08-20T12:07:38Z" finished-at="2018-08-20T12:07:38Z">
          <reporter-output>
          </reporter-output>
        </test-method> <!-- tearDown -->
        <test-method status="PASS" signature="setUp()[pri:0, instance:com.test.GoogleTest@a74868d]" name="setUp" is-config="true" duration-ms="6079" started-at="2018-08-20T12:07:38Z" finished-at="2018-08-20T12:07:44Z">
          <reporter-output>
          </reporter-output>
        </test-method> <!-- setUp -->
        <test-method status="PASS" signature="googleLogoTest()[pri:3, instance:com.test.GoogleTest@a74868d]" name="googleLogoTest" duration-ms="26" started-at="2018-08-20T12:07:44Z" finished-at="2018-08-20T12:07:44Z">
          <reporter-output>
          </reporter-output>
        </test-method> <!-- googleLogoTest -->
        <test-method status="PASS" signature="tearDown()[pri:0, instance:com.test.GoogleTest@a74868d]" name="tearDown" is-config="true" duration-ms="87" started-at="2018-08-20T12:07:44Z" finished-at="2018-08-20T12:07:44Z">
          <reporter-output>
          </reporter-output>
        </test-method> <!-- tearDown -->
        <test-method status="PASS" signature="setUp()[pri:0, instance:com.test.GoogleTest@a74868d]" name="setUp" is-config="true" duration-ms="5724" started-at="2018-08-20T12:07:44Z" finished-at="2018-08-20T12:07:50Z">
          <reporter-output>
          </reporter-output>
        </test-method> <!-- setUp -->
        <test-method status="PASS" signature="test2()[pri:4, instance:com.test.GoogleTest@a74868d]" name="test2" duration-ms="1" started-at="2018-08-20T12:07:50Z" finished-at="2018-08-20T12:07:50Z">
          <reporter-output>
          </reporter-output>
        </test-method> <!-- test2 -->
        <test-method status="PASS" signature="tearDown()[pri:0, instance:com.test.GoogleTest@a74868d]" name="tearDown" is-config="true" duration-ms="88" started-at="2018-08-20T12:07:50Z" finished-at="2018-08-20T12:07:50Z">
          <reporter-output>
          </reporter-output>
        </test-method> <!-- tearDown -->
        <test-method status="PASS" signature="setUp()[pri:0, instance:com.test.GoogleTest@a74868d]" name="setUp" is-config="true" duration-ms="5840" started-at="2018-08-20T12:07:50Z" finished-at="2018-08-20T12:07:56Z">
          <reporter-output>
          </reporter-output>
        </test-method> <!-- setUp -->
        <test-method status="PASS" signature="test3()[pri:5, instance:com.test.GoogleTest@a74868d]" name="test3" duration-ms="0" started-at="2018-08-20T12:07:56Z" finished-at="2018-08-20T12:07:56Z">
          <reporter-output>
          </reporter-output>
        </test-method> <!-- test3 -->
        <test-method status="PASS" signature="tearDown()[pri:0, instance:com.test.GoogleTest@a74868d]" name="tearDown" is-config="true" duration-ms="92" started-at="2018-08-20T12:07:56Z" finished-at="2018-08-20T12:07:56Z">
          <reporter-output>
          </reporter-output>
        </test-method> <!-- tearDown -->
        <test-method status="PASS" signature="setUp()[pri:0, instance:com.test.GoogleTest@a74868d]" name="setUp" is-config="true" duration-ms="6244" started-at="2018-08-20T12:07:56Z" finished-at="2018-08-20T12:08:02Z">
          <reporter-output>
          </reporter-output>
        </test-method> <!-- setUp -->
        <test-method status="PASS" signature="test4()[pri:6, instance:com.test.GoogleTest@a74868d]" name="test4" duration-ms="1" started-at="2018-08-20T12:08:02Z" finished-at="2018-08-20T12:08:02Z">
          <reporter-output>
          </reporter-output>
        </test-method> <!-- test4 -->
        <test-method status="PASS" signature="tearDown()[pri:0, instance:com.test.GoogleTest@a74868d]" name="tearDown" is-config="true" duration-ms="86" started-at="2018-08-20T12:08:02Z" finished-at="2018-08-20T12:08:02Z">
          <reporter-output>
          </reporter-output>
        </test-method> <!-- tearDown -->
      </class> <!-- com.test.GoogleTest -->
      <class name="com.test.GoogleTitleTest">
        <test-method status="PASS" signature="setUp()[pri:0, instance:com.test.GoogleTitleTest@12c8a2c0]" name="setUp" is-config="true" duration-ms="6286" started-at="2018-08-20T12:07:14Z" finished-at="2018-08-20T12:07:20Z">
          <reporter-output>
          </reporter-output>
        </test-method> <!-- setUp -->
        <test-method status="PASS" signature="googleLogoTest()[pri:0, instance:com.test.GoogleTitleTest@12c8a2c0]" name="googleLogoTest" duration-ms="35" started-at="2018-08-20T12:07:20Z" finished-at="2018-08-20T12:07:20Z">
          <reporter-output>
          </reporter-output>
        </test-method> <!-- googleLogoTest -->
        <test-method status="PASS" signature="tearDown()[pri:0, instance:com.test.GoogleTitleTest@12c8a2c0]" name="tearDown" is-config="true" duration-ms="82" started-at="2018-08-20T12:07:20Z" finished-at="2018-08-20T12:07:20Z">
          <reporter-output>
          </reporter-output>
        </test-method> <!-- tearDown -->
        <test-method status="PASS" signature="setUp()[pri:0, instance:com.test.GoogleTitleTest@12c8a2c0]" name="setUp" is-config="true" duration-ms="5846" started-at="2018-08-20T12:07:20Z" finished-at="2018-08-20T12:07:26Z">
          <reporter-output>
          </reporter-output>
        </test-method> <!-- setUp -->
        <test-method status="FAIL" signature="googleTitleTest()[pri:0, instance:com.test.GoogleTitleTest@12c8a2c0]" name="googleTitleTest" duration-ms="6" started-at="2018-08-20T12:07:26Z" finished-at="2018-08-20T12:07:26Z">
          <exception class="java.lang.AssertionError">
            <message>
              <![CDATA[title is not matched expected [Google123] but found [Google]]]>
            </message>
            <full-stacktrace>
              <![CDATA[java.lang.AssertionError: title is not matched expected [Google123] but found [Google]
at org.testng.Assert.fail(Assert.java:96)
at org.testng.Assert.failNotEquals(Assert.java:776)
at org.testng.Assert.assertEqualsImpl(Assert.java:137)
at org.testng.Assert.assertEquals(Assert.java:118)
at org.testng.Assert.assertEquals(Assert.java:453)
at com.test.GoogleTitleTest.googleTitleTest(GoogleTitleTest.java:32)
at sun.reflect.NativeMethodAccessorImpl.invoke0(Native Method)
at sun.reflect.NativeMethodAccessorImpl.invoke(NativeMethodAccessorImpl.java:62)
at sun.reflect.DelegatingMethodAccessorImpl.invoke(DelegatingMethodAccessorImpl.java:43)
at java.lang.reflect.Method.invoke(Method.java:497)
at org.testng.internal.MethodInvocationHelper.invokeMethod(MethodInvocationHelper.java:124)
at org.testng.internal.Invoker.invokeMethod(Invoker.java:583)
at org.testng.internal.Invoker.invokeTestMethod(Invoker.java:719)
at org.testng.internal.Invoker.invokeTestMethods(Invoker.java:989)
at org.testng.internal.TestMethodWorker.invokeTestMethods(TestMethodWorker.java:124)
at org.testng.internal.TestMethodWorker.run(TestMethodWorker.java:109)
at java.util.concurrent.ThreadPoolExecutor.runWorker(ThreadPoolExecutor.java:1142)
at java.util.concurrent.ThreadPoolExecutor$Worker.run(ThreadPoolExecutor.java:617)
at java.lang.Thread.run(Thread.java:745)
]]>
            </full-stacktrace>
          </exception> <!-- java.lang.AssertionError -->
          <reporter-output>
          </reporter-output>
        </test-method> <!-- googleTitleTest -->
        <test-method status="PASS" signature="tearDown()[pri:0, instance:com.test.GoogleTitleTest@12c8a2c0]" name="tearDown" is-config="true" duration-ms="87" started-at="2018-08-20T12:07:26Z" finished-at="2018-08-20T12:07:26Z">
          <reporter-output>
          </reporter-output>
        </test-method> <!-- tearDown -->
      </class> <!-- com.test.GoogleTitleTest -->
      <class name="com.test.InvocationCountTest">
        <test-method status="PASS" signature="sum()[pri:0, instance:com.test.InvocationCountTest@7e0e6aa2]" name="sum" duration-ms="4" started-at="2018-08-20T12:07:14Z" finished-at="2018-08-20T12:07:14Z">
          <reporter-output>
          </reporter-output>
        </test-method> <!-- sum -->
        <test-method status="PASS" signature="sum()[pri:0, instance:com.test.InvocationCountTest@7e0e6aa2]" name="sum" duration-ms="3" started-at="2018-08-20T12:07:14Z" finished-at="2018-08-20T12:07:14Z">
          <reporter-output>
          </reporter-output>
        </test-method> <!-- sum -->
        <test-method status="PASS" signature="sum()[pri:0, instance:com.test.InvocationCountTest@7e0e6aa2]" name="sum" duration-ms="2" started-at="2018-08-20T12:07:14Z" finished-at="2018-08-20T12:07:14Z">
          <reporter-output>
          </reporter-output>
        </test-method> <!-- sum -->
        <test-method status="PASS" signature="sum()[pri:0, instance:com.test.InvocationCountTest@7e0e6aa2]" name="sum" duration-ms="2" started-at="2018-08-20T12:07:14Z" finished-at="2018-08-20T12:07:14Z">
          <reporter-output>
          </reporter-output>
        </test-method> <!-- sum -->
        <test-method status="PASS" signature="sum()[pri:0, instance:com.test.InvocationCountTest@7e0e6aa2]" name="sum" duration-ms="1" started-at="2018-08-20T12:07:14Z" finished-at="2018-08-20T12:07:14Z">
          <reporter-output>
          </reporter-output>
        </test-method> <!-- sum -->
        <test-method status="PASS" signature="sum()[pri:0, instance:com.test.InvocationCountTest@7e0e6aa2]" name="sum" duration-ms="1" started-at="2018-08-20T12:07:14Z" finished-at="2018-08-20T12:07:14Z">
          <reporter-output>
          </reporter-output>
        </test-method> <!-- sum -->
        <test-method status="PASS" signature="sum()[pri:0, instance:com.test.InvocationCountTest@7e0e6aa2]" name="sum" duration-ms="1" started-at="2018-08-20T12:07:14Z" finished-at="2018-08-20T12:07:14Z">
          <reporter-output>
          </reporter-output>
        </test-method> <!-- sum -->
        <test-method status="PASS" signature="sum()[pri:0, instance:com.test.InvocationCountTest@7e0e6aa2]" name="sum" duration-ms="1" started-at="2018-08-20T12:07:14Z" finished-at="2018-08-20T12:07:14Z">
          <reporter-output>
          </reporter-output>
        </test-method> <!-- sum -->
        <test-method status="PASS" signature="sum()[pri:0, instance:com.test.InvocationCountTest@7e0e6aa2]" name="sum" duration-ms="0" started-at="2018-08-20T12:07:14Z" finished-at="2018-08-20T12:07:14Z">
          <reporter-output>
          </reporter-output>
        </test-method> <!-- sum -->
        <test-method status="PASS" signature="sum()[pri:0, instance:com.test.InvocationCountTest@7e0e6aa2]" name="sum" duration-ms="0" started-at="2018-08-20T12:07:14Z" finished-at="2018-08-20T12:07:14Z">
          <reporter-output>
          </reporter-output>
        </test-method> <!-- sum -->
      </class> <!-- com.test.InvocationCountTest -->
      <class name="com.test.TestNgFeatures">
        <test-method status="PASS" signature="loginTest()[pri:0, instance:com.test.TestNgFeatures@365185bd]" name="loginTest" duration-ms="6" started-at="2018-08-20T12:07:14Z" finished-at="2018-08-20T12:07:14Z">
          <reporter-output>
          </reporter-output>
        </test-method> <!-- loginTest -->
        <test-method status="PASS" signature="HomePageTest()[pri:0, instance:com.test.TestNgFeatures@365185bd]" name="HomePageTest" duration-ms="4" started-at="2018-08-20T12:07:14Z" depends-on-methods="com.test.TestNgFeatures.loginTest" finished-at="2018-08-20T12:07:14Z">
          <reporter-output>
          </reporter-output>
        </test-method> <!-- HomePageTest -->
        <test-method status="PASS" signature="RegPageTest()[pri:0, instance:com.test.TestNgFeatures@365185bd]" name="RegPageTest" duration-ms="2" started-at="2018-08-20T12:07:14Z" depends-on-methods="com.test.TestNgFeatures.loginTest" finished-at="2018-08-20T12:07:14Z">
          <reporter-output>
          </reporter-output>
        </test-method> <!-- RegPageTest -->
        <test-method status="PASS" signature="SearchPageTest()[pri:0, instance:com.test.TestNgFeatures@365185bd]" name="SearchPageTest" duration-ms="1" started-at="2018-08-20T12:07:14Z" depends-on-methods="com.test.TestNgFeatures.loginTest" finished-at="2018-08-20T12:07:14Z">
          <reporter-output>
          </reporter-output>
        </test-method> <!-- SearchPageTest -->
      </class> <!-- com.test.TestNgFeatures -->
      <class name="com.test.ExceptionTimeOutTest">
        <test-method status="PASS" signature="test1()[pri:0, instance:com.test.ExceptionTimeOutTest@396e2f39]" name="test1" duration-ms="7" started-at="2018-08-20T12:07:14Z" finished-at="2018-08-20T12:07:14Z">
          <exception class="java.lang.NumberFormatException">
            <message>
              <![CDATA[For input string: "100A"]]>
            </message>
            <full-stacktrace>
              <![CDATA[java.lang.NumberFormatException: For input string: "100A"
at java.lang.NumberFormatException.forInputString(NumberFormatException.java:65)
at java.lang.Integer.parseInt(Integer.java:580)
at java.lang.Integer.parseInt(Integer.java:615)
at com.test.ExceptionTimeOutTest.test1(ExceptionTimeOutTest.java:18)
at sun.reflect.NativeMethodAccessorImpl.invoke0(Native Method)
at sun.reflect.NativeMethodAccessorImpl.invoke(NativeMethodAccessorImpl.java:62)
at sun.reflect.DelegatingMethodAccessorImpl.invoke(DelegatingMethodAccessorImpl.java:43)
at java.lang.reflect.Method.invoke(Method.java:497)
at org.testng.internal.MethodInvocationHelper.invokeMethod(MethodInvocationHelper.java:124)
at org.testng.internal.Invoker.invokeMethod(Invoker.java:583)
at org.testng.internal.Invoker.invokeTestMethod(Invoker.java:719)
at org.testng.internal.Invoker.invokeTestMethods(Invoker.java:989)
at org.testng.internal.TestMethodWorker.invokeTestMethods(TestMethodWorker.java:124)
at org.testng.internal.TestMethodWorker.run(TestMethodWorker.java:109)
at java.util.concurrent.ThreadPoolExecutor.runWorker(ThreadPoolExecutor.java:1142)
at java.util.concurrent.ThreadPoolExecutor$Worker.run(ThreadPoolExecutor.java:617)
at java.lang.Thread.run(Thread.java:745)
]]>
            </full-stacktrace>
          </exception> <!-- java.lang.NumberFormatException -->
          <reporter-output>
          </reporter-output>
        </test-method> <!-- test1 -->
      </class> <!-- com.test.ExceptionTimeOutTest -->
    </test> <!-- Different testng Feature Test -->
    <test name="Yahoo App Test" duration-ms="8644" started-at="2018-08-20T12:08:03Z" finished-at="2018-08-20T12:08:11Z">
      <class name="com.test.TestNGBasics">
        <test-method status="PASS" signature="setUp()[pri:0, instance:com.test.TestNGBasics@2de8284b]" name="setUp" is-config="true" duration-ms="10" started-at="2018-08-20T12:07:14Z" finished-at="2018-08-20T12:07:14Z">
          <reporter-output>
          </reporter-output>
        </test-method> <!-- setUp -->
      </class> <!-- com.test.TestNGBasics -->
      <class name="com.parameters.ParameterTest">
        <test-method status="PASS" signature="yahooLoginTest(java.lang.String, java.lang.String, java.lang.String)[pri:0, instance:com.parameters.ParameterTest@2f0a87b3]" name="yahooLoginTest" duration-ms="8641" started-at="2018-08-20T12:08:03Z" finished-at="2018-08-20T12:08:11Z">
          <params>
            <param index="0">
              <value>
                <![CDATA[Chrome]]>
              </value>
            </param>
            <param index="1">
              <value>
                <![CDATA[https://login.yahoo.com]]>
              </value>
            </param>
            <param index="2">
              <value>
                <![CDATA[test@yahoo.com]]>
              </value>
            </param>
          </params>
          <reporter-output>
          </reporter-output>
        </test-method> <!-- yahooLoginTest -->
      </class> <!-- com.parameters.ParameterTest -->
    </test> <!-- Yahoo App Test -->
  </suite> <!-- TestNG Session Test Automation Suite -->
</testng-results>
